{
    "WHITE": "dmeyers2",
    "BLACK": "aahmad3",
    "WINNER": "draw",
    "CONFIG": "Mini",
    "STARTING_POS": {
        "a6": "q",
        "b6": "s",
        "c6": "n",
        "d6": "k",
        "e6": "s",
        "f6": "f",
        "a5": "p",
        "b5": "p",
        "c5": "p",
        "d5": "p",
        "e5": "p",
        "f5": "p",
        "a2": "P",
        "b2": "P",
        "c2": "P",
        "d2": "P",
        "e2": "P",
        "f2": "P",
        "a1": "Q",
        "b1": "S",
        "c1": "N",
        "d1": "K",
        "e1": "S",
        "f1": "F"
    },
    "MOVES": [
        [
            "b2",
            "b3"
        ],
        [
            "c6",
            "b4"
        ],
        [
            "c2",
            "c3"
        ],
        [
            "b6",
            "c6"
        ],
        [
            "c3",
            "b4"
        ],
        [
            "a6",
            "b6"
        ],
        [
            "b4",
            "a5"
        ],
        [
            "f6",
            "d4"
        ],
        [
            "a5",
            "b6"
        ],
        [
            "e6",
            "f6"
        ],
        [
            "b6",
            "a5"
        ],
        [
            "d6",
            "e6"
        ],
        [
            "d2",
            "d3"
        ],
        [
            "b5",
            "b4"
        ],
        [
            "e2",
            "e3"
        ],
        [
            "c5",
            "c4"
        ],
        [
            "e3",
            "d4"
        ],
        [
            "e5",
            "e4"
        ],
        [
            "e1",
            "b4"
        ],
        [
            "f5",
            "f4"
        ],
        [
            "b3",
            "c4"
        ],
        [
            "d5",
            "c4"
        ],
        [
            "d4",
            "d5"
        ],
        [
            "c6",
            "d5"
        ],
        [
            "b4",
            "b6"
        ],
        [
            "e6",
            "f5"
        ],
        [
            "d3",
            "e4"
        ]
    ],
    "TIMES": [
        null,
        null,
        null,
        null,
        null,
        null,
        null,
        null,
        null,
        null,
        null,
        null,
        null,
        null,
        null,
        null,
        null,
        null,
        null,
        null,
        null,
        null,
        null,
        null,
        null,
        null,
        null
    ],
    "RECORD": ""
}