{
    "WHITE": "dmeyers2",
    "BLACK": "dmeyers4",
    "WINNER": "draw",
    "CONFIG": "Mini",
    "STARTING_POS": {
        "a6": "b",
        "b6": "k",
        "c6": "q",
        "d6": "s",
        "e6": "r",
        "f6": "r",
        "a5": "p",
        "b5": "p",
        "c5": "p",
        "d5": "p",
        "e5": "p",
        "f5": "p",
        "a2": "P",
        "b2": "P",
        "c2": "P",
        "d2": "P",
        "e2": "P",
        "f2": "P",
        "a1": "B",
        "b1": "K",
        "c1": "Q",
        "d1": "S",
        "e1": "R",
        "f1": "R"
    },
    "MOVES": [
        [
            "b2",
            "b3"
        ],
        [
            "d5",
            "d4"
        ],
        [
            "d2",
            "d3"
        ],
        [
            "c5",
            "c3"
        ],
        [
            "f2",
            "f4"
        ],
        [
            "e5",
            "f4"
        ],
        [
            "e2",
            "e4"
        ],
        [
            "f5",
            "e4"
        ],
        [
            "d3",
            "e4"
        ],
        [
            "e6",
            "e4"
        ],
        [
            "e1",
            "e4"
        ],
        [
            "c6",
            "e4"
        ],
        [
            "f1",
            "f2"
        ],
        [
            "a5",
            "a3"
        ],
        [
            "d1",
            "f1"
        ],
        [
            "d6",
            "b4"
        ],
        [
            "c1",
            "d1"
        ],
        [
            "e4",
            "e3"
        ],
        [
            "a1",
            "c3"
        ],
        [
            "d4",
            "c3"
        ],
        [
            "d1",
            "d5"
        ],
        [
            "f4",
            "f3"
        ],
        [
            "f2",
            "f3"
        ],
        [
            "f6",
            "f3"
        ],
        [
            "f1",
            "f3"
        ],
        [
            "e3",
            "e1"
        ],
        [
            "f3",
            "d1"
        ],
        [
            "e1",
            "e3"
        ],
        [
            "b1",
            "a1"
        ],
        [
            "b6",
            "a5"
        ],
        [
            "d1",
            "b1"
        ],
        [
            "e3",
            "e2"
        ],
        [
            "b1",
            "c1"
        ],
        [
            "a5",
            "b6"
        ],
        [
            "a1",
            "b1"
        ],
        [
            "b6",
            "a5"
        ],
        [
            "c1",
            "f4"
        ],
        [
            "e2",
            "e1"
        ],
        [
            "f4",
            "c1"
        ],
        [
            "e1",
            "e2"
        ],
        [
            "d5",
            "d3"
        ],
        [
            "e2",
            "d3"
        ],
        [
            "c1",
            "f4"
        ],
        [
            "d3",
            "d1"
        ],
        [
            "f4",
            "c1"
        ],
        [
            "d1",
            "d4"
        ],
        [
            "c1",
            "e1"
        ],
        [
            "a5",
            "b6"
        ],
        [
            "e1",
            "c3"
        ],
        [
            "d4",
            "d1"
        ]
    ],
    "TIMES": [
        null,
        null,
        null,
        null,
        null,
        null,
        null,
        null,
        null,
        null,
        null,
        null,
        null,
        null,
        null,
        null,
        null,
        null,
        null,
        null,
        null,
        null,
        null,
        null,
        null,
        null,
        null,
        null,
        null,
        null,
        null,
        null,
        null,
        null,
        null,
        null,
        null,
        null,
        null,
        null,
        null,
        null,
        null,
        null,
        null,
        null,
        null,
        null,
        null,
        null
    ],
    "RECORD": ""
}