{
    "WHITE": "dmeyers",
    "BLACK": "Random",
    "WINNER": "draw",
    "CONFIG": "Reg",
    "STARTING_POS": {
        "a8": "b",
        "b8": "s",
        "c8": "n",
        "d8": "s",
        "e8": "k",
        "f8": "q",
        "g8": "s",
        "h8": "r",
        "a7": "p",
        "b7": "p",
        "c7": "p",
        "d7": "p",
        "e7": "p",
        "f7": "p",
        "g7": "p",
        "h7": "p",
        "a2": "P",
        "b2": "P",
        "c2": "P",
        "d2": "P",
        "e2": "P",
        "f2": "P",
        "g2": "P",
        "h2": "P",
        "a1": "B",
        "b1": "S",
        "c1": "N",
        "d1": "S",
        "e1": "K",
        "f1": "Q",
        "g1": "S",
        "h1": "R"
    },
    "MOVES": [
        [
            "f2",
            "f4"
        ],
        [
            "g7",
            "g6"
        ],
        [
            "f4",
            "f5"
        ],
        [
            "c7",
            "c6"
        ],
        [
            "f5",
            "f6"
        ],
        [
            "d8",
            "b6"
        ],
        [
            "g1",
            "d4"
        ],
        [
            "f8",
            "h6"
        ],
        [
            "d4",
            "d7"
        ],
        [
            "e8",
            "f8"
        ],
        [
            "h2",
            "h4"
        ],
        [
            "a7",
            "a6"
        ],
        [
            "f1",
            "f4"
        ],
        [
            "b8",
            "e5"
        ],
        [
            "f4",
            "e5"
        ],
        [
            "e7",
            "e6"
        ],
        [
            "d7",
            "c8"
        ],
        [
            "b6",
            "d8"
        ],
        [
            "c8",
            "d8"
        ]
    ],
    "TIMES": [
        null,
        null,
        null,
        null,
        null,
        null,
        null,
        null,
        null,
        null,
        null,
        null,
        null,
        null,
        null,
        null,
        null,
        null,
        null
    ],
    "RECORD": ""
}