{
    "WHITE": "dmeyers5",
    "BLACK": "dmeyers4",
    "WINNER": "draw",
    "CONFIG": "Mini",
    "STARTING_POS": {
        "a6": "f",
        "b6": "s",
        "c6": "q",
        "d6": "f",
        "e6": "n",
        "f6": "k",
        "a5": "p",
        "b5": "p",
        "c5": "p",
        "d5": "p",
        "e5": "p",
        "f5": "p",
        "a2": "P",
        "b2": "P",
        "c2": "P",
        "d2": "P",
        "e2": "P",
        "f2": "P",
        "a1": "F",
        "b1": "S",
        "c1": "Q",
        "d1": "F",
        "e1": "N",
        "f1": "K"
    },
    "MOVES": [
        [
            "c2",
            "c3"
        ],
        [
            "c5",
            "c4"
        ],
        [
            "a2",
            "a3"
        ],
        [
            "b5",
            "b3"
        ],
        [
            "e2",
            "e3"
        ],
        [
            "d5",
            "d3"
        ],
        [
            "f2",
            "f3"
        ],
        [
            "a6",
            "a4"
        ],
        [
            "f1",
            "f2"
        ],
        [
            "b6",
            "c5"
        ],
        [
            "d1",
            "f1"
        ],
        [
            "d6",
            "f4"
        ]
    ],
    "TIMES": [
        null,
        null,
        null,
        null,
        null,
        null,
        null,
        null,
        null,
        null,
        null,
        null
    ],
    "RECORD": ""
}