{
    "WHITE": "Human",
    "BLACK": "dmeyers",
    "WINNER": "draw",
    "CONFIG": "Mini",
    "STARTING_POS": {
        "a6": "s",
        "b6": "s",
        "c6": "r",
        "d6": "n",
        "e6": "s",
        "f6": "k",
        "a5": "p",
        "b5": "p",
        "c5": "p",
        "d5": "p",
        "e5": "p",
        "f5": "p",
        "a2": "P",
        "b2": "P",
        "c2": "P",
        "d2": "P",
        "e2": "P",
        "f2": "P",
        "a1": "S",
        "b1": "S",
        "c1": "R",
        "d1": "N",
        "e1": "S",
        "f1": "K"
    },
    "MOVES": [
        [
            "d2",
            "d3"
        ],
        [
            "d6",
            "c4"
        ],
        [
            "d3",
            "c4"
        ],
        [
            "c6",
            "d6"
        ],
        [
            "d1",
            "e3"
        ],
        [
            "a5",
            "a4"
        ],
        [
            "c1",
            "d1"
        ],
        [
            "a6",
            "a5"
        ],
        [
            "d1",
            "d3"
        ],
        [
            "b6",
            "a6"
        ],
        [
            "b2",
            "b4"
        ],
        [
            "c5",
            "b4"
        ],
        [
            "e3",
            "d5"
        ],
        [
            "e6",
            "d5"
        ],
        [
            "c4",
            "d5"
        ],
        [
            "d6",
            "d5"
        ],
        [
            "d3",
            "d5"
        ],
        [
            "f6",
            "e6"
        ],
        [
            "b1",
            "b2"
        ],
        [
            "e5",
            "e4"
        ],
        [
            "b2",
            "d4"
        ],
        [
            "f5",
            "f3"
        ],
        [
            "c2",
            "c3"
        ],
        [
            "a4",
            "a3"
        ],
        [
            "c3",
            "b4"
        ],
        [
            "a5",
            "b4"
        ],
        [
            "e1",
            "b4"
        ],
        [
            "a6",
            "a5"
        ],
        [
            "d5",
            "d6"
        ],
        [
            "e6",
            "f5"
        ],
        [
            "e2",
            "e3"
        ],
        [
            "a5",
            "a4"
        ],
        [
            "d4",
            "e5"
        ],
        [
            "f5",
            "e5"
        ],
        [
            "b4",
            "d4"
        ],
        [
            "a4",
            "d4"
        ],
        [
            "e3",
            "d4"
        ],
        [
            "e5",
            "d6"
        ],
        [
            "a1",
            "c3"
        ],
        [
            "b5",
            "b4"
        ],
        [
            "c3",
            "b4"
        ],
        [
            "d6",
            "d5"
        ],
        [
            "b4",
            "c5"
        ],
        [
            "d5",
            "e6"
        ],
        [
            "c5",
            "e5"
        ]
    ],
    "TIMES": [
        null,
        null,
        null,
        null,
        null,
        null,
        null,
        null,
        null,
        null,
        null,
        null,
        null,
        null,
        null,
        null,
        null,
        null,
        null,
        null,
        null,
        null,
        null,
        null,
        null,
        null,
        null,
        null,
        null,
        null,
        null,
        null,
        null,
        null,
        null,
        null,
        null,
        null,
        null,
        null,
        null,
        null,
        null,
        null,
        null
    ],
    "RECORD": ""
}