{
    "WHITE": "Human",
    "BLACK": "dmeyers4",
    "WINNER": "draw",
    "CONFIG": "Mini",
    "STARTING_POS": {
        "a6": "r",
        "b6": "b",
        "c6": "q",
        "d6": "k",
        "e6": "n",
        "f6": "r",
        "a5": "p",
        "b5": "p",
        "c5": "p",
        "d5": "p",
        "e5": "p",
        "f5": "p",
        "a2": "P",
        "b2": "P",
        "c2": "P",
        "d2": "P",
        "e2": "P",
        "f2": "P",
        "a1": "R",
        "b1": "B",
        "c1": "Q",
        "d1": "K",
        "e1": "N",
        "f1": "R"
    },
    "MOVES": [
        [
            "c2",
            "c3"
        ],
        [
            "e5",
            "e4"
        ],
        [
            "e2",
            "e3"
        ],
        [
            "d5",
            "d3"
        ],
        [
            "f2",
            "f4"
        ],
        [
            "a5",
            "a4"
        ],
        [
            "c3",
            "c4"
        ],
        [
            "b5",
            "c4"
        ],
        [
            "c1",
            "c4"
        ],
        [
            "a6",
            "a5"
        ],
        [
            "b2",
            "b4"
        ],
        [
            "c5",
            "b4"
        ],
        [
            "c4",
            "b4"
        ],
        [
            "c6",
            "c5"
        ],
        [
            "a2",
            "a3"
        ],
        [
            "c5",
            "b4"
        ],
        [
            "a3",
            "b4"
        ],
        [
            "a5",
            "a6"
        ],
        [
            "b1",
            "a2"
        ],
        [
            "a4",
            "a3"
        ],
        [
            "a1",
            "b1"
        ],
        [
            "d6",
            "c6"
        ],
        [
            "b4",
            "b5"
        ],
        [
            "c6",
            "d6"
        ],
        [
            "b5",
            "a6"
        ],
        [
            "e6",
            "f4"
        ],
        [
            "b1",
            "b6"
        ],
        [
            "d6",
            "c5"
        ],
        [
            "b6",
            "f6"
        ],
        [
            "f4",
            "e6"
        ],
        [
            "f6",
            "e6"
        ],
        [
            "f5",
            "f3"
        ],
        [
            "e6",
            "e4"
        ],
        [
            "f3",
            "f2"
        ],
        [
            "f1",
            "f2"
        ]
    ],
    "TIMES": [
        null,
        null,
        null,
        null,
        null,
        null,
        null,
        null,
        null,
        null,
        null,
        null,
        null,
        null,
        null,
        null,
        null,
        null,
        null,
        null,
        null,
        null,
        null,
        null,
        null,
        null,
        null,
        null,
        null,
        null,
        null,
        null,
        null,
        null,
        null
    ],
    "RECORD": ""
}