{
    "WHITE": "Human",
    "BLACK": "dmeyers5",
    "WINNER": "draw",
    "CONFIG": "Mini",
    "STARTING_POS": {
        "a6": "k",
        "b6": "r",
        "c6": "n",
        "d6": "f",
        "e6": "b",
        "f6": "f",
        "a5": "p",
        "b5": "p",
        "c5": "p",
        "d5": "p",
        "e5": "p",
        "f5": "p",
        "a2": "P",
        "b2": "P",
        "c2": "P",
        "d2": "P",
        "e2": "P",
        "f2": "P",
        "a1": "K",
        "b1": "R",
        "c1": "N",
        "d1": "F",
        "e1": "B",
        "f1": "F"
    },
    "MOVES": [
        [
            "c1",
            "d3"
        ],
        [
            "c5",
            "c4"
        ],
        [
            "d3",
            "c1"
        ],
        [
            "d6",
            "d4"
        ],
        [
            "b2",
            "b3"
        ],
        [
            "c4",
            "b3"
        ],
        [
            "b1",
            "b3"
        ],
        [
            "c6",
            "b4"
        ],
        [
            "e2",
            "e3"
        ],
        [
            "b4",
            "c2"
        ],
        [
            "a1",
            "b1"
        ],
        [
            "c2",
            "e1"
        ],
        [
            "e3",
            "d4"
        ],
        [
            "e5",
            "d4"
        ],
        [
            "c1",
            "d3"
        ],
        [
            "e1",
            "d3"
        ],
        [
            "b3",
            "d3"
        ],
        [
            "a5",
            "a4"
        ],
        [
            "f2",
            "f3"
        ],
        [
            "b6",
            "c6"
        ],
        [
            "f3",
            "f4"
        ],
        [
            "f6",
            "f4"
        ],
        [
            "f1",
            "f3"
        ],
        [
            "b5",
            "b4"
        ],
        [
            "a2",
            "a3"
        ],
        [
            "b4",
            "a3"
        ],
        [
            "d3",
            "a3"
        ],
        [
            "f4",
            "d2"
        ],
        [
            "a3",
            "a4"
        ],
        [
            "a6",
            "b6"
        ],
        [
            "a4",
            "d4"
        ],
        [
            "d2",
            "d4"
        ],
        [
            "d1",
            "b3"
        ],
        [
            "f5",
            "f4"
        ],
        [
            "b3",
            "d3"
        ],
        [
            "d4",
            "d2"
        ],
        [
            "d3",
            "b3"
        ],
        [
            "d5",
            "d4"
        ],
        [
            "b3",
            "d3"
        ],
        [
            "c6",
            "c5"
        ],
        [
            "d3",
            "b3"
        ],
        [
            "e6",
            "b3"
        ],
        [
            "f3",
            "d3"
        ],
        [
            "b3",
            "e6"
        ],
        [
            "d3",
            "b3"
        ],
        [
            "e6",
            "b3"
        ],
        [
            "b1",
            "a1"
        ],
        [
            "c5",
            "c1"
        ]
    ],
    "TIMES": [
        null,
        null,
        null,
        null,
        null,
        null,
        null,
        null,
        null,
        null,
        null,
        null,
        null,
        null,
        null,
        null,
        null,
        null,
        null,
        null,
        null,
        null,
        null,
        null,
        null,
        null,
        null,
        null,
        null,
        null,
        null,
        null,
        null,
        null,
        null,
        null,
        null,
        null,
        null,
        null,
        null,
        null,
        null,
        null,
        null,
        null,
        null,
        null
    ],
    "RECORD": ""
}